<?xml version="1.0" encoding="UTF-8"?>
<testsuite xmlns:xsi="http://www.w3.org/2001/XMLSchema-instance" xsi:noNamespaceSchemaLocation="https://maven.apache.org/surefire/maven-surefire-plugin/xsd/surefire-test-report.xsd" name="br.com.afett.arquillianbank.AppTest" time="0.006" tests="1" errors="0" skipped="0" failures="0">
  <properties>
    <property name="sun.desktop" value="windows"/>
    <property name="awt.toolkit" value="sun.awt.windows.WToolkit"/>
    <property name="java.specification.version" value="11"/>
    <property name="sun.cpu.isalist" value="amd64"/>
    <property name="sun.jnu.encoding" value="Cp1252"/>
    <property name="java.class.path" value="C:\projetos\arquillianbank\target\test-classes;C:\projetos\arquillianbank\target\classes;C:\Users\andre\.m2\repository\org\apache\logging\log4j\log4j-core\2.11.2\log4j-core-2.11.2.jar;C:\Users\andre\.m2\repository\org\apache\logging\log4j\log4j-api\2.11.2\log4j-api-2.11.2.jar;C:\Users\andre\.m2\repository\log4j\log4j\1.2.17\log4j-1.2.17.jar;C:\Users\andre\.m2\repository\javax\activation\activation\1.1.1\activation-1.1.1.jar;C:\Users\andre\.m2\repository\javax\enterprise\cdi-api\1.2\cdi-api-1.2.jar;C:\Users\andre\.m2\repository\javax\inject\javax.inject\1\javax.inject-1.jar;C:\Users\andre\.m2\repository\javax\jws\jsr181-api\1.0-MR1\jsr181-api-1.0-MR1.jar;C:\Users\andre\.m2\repository\com\sun\mail\javax.mail\1.5.6\javax.mail-1.5.6.jar;C:\Users\andre\.m2\repository\javax\validation\validation-api\1.1.0.Final\validation-api-1.1.0.Final.jar;C:\Users\andre\.m2\repository\org\hibernate\javax\persistence\hibernate-jpa-2.1-api\1.0.0.Final\hibernate-jpa-2.1-api-1.0.0.Final.jar;C:\Users\andre\.m2\repository\org\jboss\spec\javax\annotation\jboss-annotations-api_1.2_spec\1.0.2.Final\jboss-annotations-api_1.2_spec-1.0.2.Final.jar;C:\Users\andre\.m2\repository\org\jboss\spec\javax\batch\jboss-batch-api_1.0_spec\1.0.1.Final\jboss-batch-api_1.0_spec-1.0.1.Final.jar;C:\Users\andre\.m2\repository\org\jboss\spec\javax\ejb\jboss-ejb-api_3.2_spec\1.0.1.Final\jboss-ejb-api_3.2_spec-1.0.1.Final.jar;C:\Users\andre\.m2\repository\org\jboss\spec\javax\el\jboss-el-api_3.0_spec\1.0.11.Final\jboss-el-api_3.0_spec-1.0.11.Final.jar;C:\Users\andre\.m2\repository\org\jboss\spec\javax\enterprise\concurrent\jboss-concurrency-api_1.0_spec\1.0.1.Final\jboss-concurrency-api_1.0_spec-1.0.1.Final.jar;C:\Users\andre\.m2\repository\org\jboss\spec\javax\faces\jboss-jsf-api_2.2_spec\2.2.14\jboss-jsf-api_2.2_spec-2.2.14.jar;C:\Users\andre\.m2\repository\org\jboss\spec\javax\interceptor\jboss-interceptors-api_1.2_spec\1.0.1.Final\jboss-interceptors-api_1.2_spec-1.0.1.Final.jar;C:\Users\andre\.m2\repository\org\jboss\spec\javax\json\jboss-json-api_1.0_spec\1.0.1.Final\jboss-json-api_1.0_spec-1.0.1.Final.jar;C:\Users\andre\.m2\repository\org\jboss\spec\javax\management\j2ee\jboss-j2eemgmt-api_1.1_spec\1.0.2.Final\jboss-j2eemgmt-api_1.1_spec-1.0.2.Final.jar;C:\Users\andre\.m2\repository\org\jboss\spec\javax\resource\jboss-connector-api_1.7_spec\1.0.1.Final\jboss-connector-api_1.7_spec-1.0.1.Final.jar;C:\Users\andre\.m2\repository\org\jboss\spec\javax\rmi\jboss-rmi-api_1.0_spec\1.0.6.Final\jboss-rmi-api_1.0_spec-1.0.6.Final.jar;C:\Users\andre\.m2\repository\org\jboss\spec\javax\security\jacc\jboss-jacc-api_1.5_spec\1.0.2.Final\jboss-jacc-api_1.5_spec-1.0.2.Final.jar;C:\Users\andre\.m2\repository\org\jboss\spec\javax\servlet\jboss-servlet-api_3.1_spec\1.0.0.Final\jboss-servlet-api_3.1_spec-1.0.0.Final.jar;C:\Users\andre\.m2\repository\org\jboss\spec\javax\security\auth\message\jboss-jaspi-api_1.1_spec\1.0.2.Final\jboss-jaspi-api_1.1_spec-1.0.2.Final.jar;C:\Users\andre\.m2\repository\org\jboss\spec\javax\jms\jboss-jms-api_2.0_spec\1.0.2.Final\jboss-jms-api_2.0_spec-1.0.2.Final.jar;C:\Users\andre\.m2\repository\org\jboss\spec\javax\transaction\jboss-transaction-api_1.2_spec\1.1.1.Final\jboss-transaction-api_1.2_spec-1.1.1.Final.jar;C:\Users\andre\.m2\repository\org\jboss\spec\javax\ws\rs\jboss-jaxrs-api_2.0_spec\1.0.1.Final\jboss-jaxrs-api_2.0_spec-1.0.1.Final.jar;C:\Users\andre\.m2\repository\org\jboss\spec\javax\websocket\jboss-websocket-api_1.1_spec\1.1.3.Final\jboss-websocket-api_1.1_spec-1.1.3.Final.jar;C:\Users\andre\.m2\repository\org\jboss\spec\javax\xml\bind\jboss-jaxb-api_2.2_spec\1.0.5.Final\jboss-jaxb-api_2.2_spec-1.0.5.Final.jar;C:\Users\andre\.m2\repository\org\jboss\spec\javax\xml\soap\jboss-saaj-api_1.3_spec\1.0.6.Final\jboss-saaj-api_1.3_spec-1.0.6.Final.jar;C:\Users\andre\.m2\repository\org\jboss\spec\javax\xml\ws\jboss-jaxws-api_2.2_spec\2.0.5.Final\jboss-jaxws-api_2.2_spec-2.0.5.Final.jar;C:\Users\andre\.m2\repository\org\jboss\shrinkwrap\resolver\shrinkwrap-resolver-api\3.1.4\shrinkwrap-resolver-api-3.1.4.jar;C:\Users\andre\.m2\repository\org\jboss\shrinkwrap\resolver\shrinkwrap-resolver-spi\3.1.4\shrinkwrap-resolver-spi-3.1.4.jar;C:\Users\andre\.m2\repository\org\jboss\shrinkwrap\resolver\shrinkwrap-resolver-api-maven\3.1.4\shrinkwrap-resolver-api-maven-3.1.4.jar;C:\Users\andre\.m2\repository\org\apache\maven\maven-model\3.6.3\maven-model-3.6.3.jar;C:\Users\andre\.m2\repository\org\jboss\shrinkwrap\resolver\shrinkwrap-resolver-spi-maven\3.1.4\shrinkwrap-resolver-spi-maven-3.1.4.jar;C:\Users\andre\.m2\repository\org\jboss\shrinkwrap\resolver\shrinkwrap-resolver-api-maven-archive\3.1.4\shrinkwrap-resolver-api-maven-archive-3.1.4.jar;C:\Users\andre\.m2\repository\org\jboss\shrinkwrap\shrinkwrap-api\1.2.6\shrinkwrap-api-1.2.6.jar;C:\Users\andre\.m2\repository\org\jboss\shrinkwrap\resolver\shrinkwrap-resolver-impl-maven\3.1.4\shrinkwrap-resolver-impl-maven-3.1.4.jar;C:\Users\andre\.m2\repository\org\apache\maven\maven-resolver-provider\3.6.3\maven-resolver-provider-3.6.3.jar;C:\Users\andre\.m2\repository\org\slf4j\slf4j-api\1.7.29\slf4j-api-1.7.29.jar;C:\Users\andre\.m2\repository\org\apache\maven\maven-model-builder\3.6.3\maven-model-builder-3.6.3.jar;C:\Users\andre\.m2\repository\org\apache\maven\maven-artifact\3.6.3\maven-artifact-3.6.3.jar;C:\Users\andre\.m2\repository\org\apache\commons\commons-lang3\3.8.1\commons-lang3-3.8.1.jar;C:\Users\andre\.m2\repository\org\apache\maven\maven-builder-support\3.6.3\maven-builder-support-3.6.3.jar;C:\Users\andre\.m2\repository\org\eclipse\sisu\org.eclipse.sisu.inject\0.3.4\org.eclipse.sisu.inject-0.3.4.jar;C:\Users\andre\.m2\repository\org\apache\maven\maven-repository-metadata\3.6.3\maven-repository-metadata-3.6.3.jar;C:\Users\andre\.m2\repository\org\apache\maven\maven-settings\3.6.3\maven-settings-3.6.3.jar;C:\Users\andre\.m2\repository\org\apache\maven\maven-settings-builder\3.6.3\maven-settings-builder-3.6.3.jar;C:\Users\andre\.m2\repository\org\apache\maven\resolver\maven-resolver-api\1.4.1\maven-resolver-api-1.4.1.jar;C:\Users\andre\.m2\repository\org\apache\maven\resolver\maven-resolver-impl\1.4.1\maven-resolver-impl-1.4.1.jar;C:\Users\andre\.m2\repository\org\apache\maven\resolver\maven-resolver-spi\1.4.1\maven-resolver-spi-1.4.1.jar;C:\Users\andre\.m2\repository\org\apache\maven\resolver\maven-resolver-util\1.4.1\maven-resolver-util-1.4.1.jar;C:\Users\andre\.m2\repository\org\apache\maven\resolver\maven-resolver-connector-basic\1.4.1\maven-resolver-connector-basic-1.4.1.jar;C:\Users\andre\.m2\repository\org\apache\maven\resolver\maven-resolver-transport-wagon\1.4.1\maven-resolver-transport-wagon-1.4.1.jar;C:\Users\andre\.m2\repository\org\codehaus\plexus\plexus-interpolation\1.25\plexus-interpolation-1.25.jar;C:\Users\andre\.m2\repository\org\codehaus\plexus\plexus-utils\3.2.1\plexus-utils-3.2.1.jar;C:\Users\andre\.m2\repository\org\sonatype\plexus\plexus-sec-dispatcher\1.4\plexus-sec-dispatcher-1.4.jar;C:\Users\andre\.m2\repository\org\sonatype\plexus\plexus-cipher\1.7\plexus-cipher-1.7.jar;C:\Users\andre\.m2\repository\org\apache\maven\wagon\wagon-provider-api\3.3.4\wagon-provider-api-3.3.4.jar;C:\Users\andre\.m2\repository\org\apache\maven\wagon\wagon-file\3.3.4\wagon-file-3.3.4.jar;C:\Users\andre\.m2\repository\org\apache\maven\wagon\wagon-http-lightweight\2.12\wagon-http-lightweight-2.12.jar;C:\Users\andre\.m2\repository\org\apache\maven\wagon\wagon-http-shared\2.12\wagon-http-shared-2.12.jar;C:\Users\andre\.m2\repository\org\jsoup\jsoup\1.12.1\jsoup-1.12.1.jar;C:\Users\andre\.m2\repository\commons-io\commons-io\2.5\commons-io-2.5.jar;C:\Users\andre\.m2\repository\org\jboss\shrinkwrap\resolver\shrinkwrap-resolver-impl-maven-archive\3.1.4\shrinkwrap-resolver-impl-maven-archive-3.1.4.jar;C:\Users\andre\.m2\repository\org\jboss\shrinkwrap\resolver\shrinkwrap-resolver-spi-maven-archive\3.1.4\shrinkwrap-resolver-spi-maven-archive-3.1.4.jar;C:\Users\andre\.m2\repository\org\eclipse\sisu\org.eclipse.sisu.plexus\0.3.4\org.eclipse.sisu.plexus-0.3.4.jar;C:\Users\andre\.m2\repository\org\codehaus\plexus\plexus-compiler-javac\2.7\plexus-compiler-javac-2.7.jar;C:\Users\andre\.m2\repository\org\codehaus\plexus\plexus-compiler-api\2.7\plexus-compiler-api-2.7.jar;C:\Users\andre\.m2\repository\org\jboss\shrinkwrap\resolver\shrinkwrap-resolver-api-maven-embedded\3.1.4\shrinkwrap-resolver-api-maven-embedded-3.1.4.jar;C:\Users\andre\.m2\repository\org\apache\maven\shared\maven-invoker\3.0.0\maven-invoker-3.0.0.jar;C:\Users\andre\.m2\repository\org\codehaus\plexus\plexus-component-annotations\2.1.0\plexus-component-annotations-2.1.0.jar;C:\Users\andre\.m2\repository\org\jboss\shrinkwrap\resolver\shrinkwrap-resolver-impl-maven-embedded\3.1.4\shrinkwrap-resolver-impl-maven-embedded-3.1.4.jar;C:\Users\andre\.m2\repository\org\arquillian\spacelift\arquillian-spacelift\1.0.2\arquillian-spacelift-1.0.2.jar;C:\Users\andre\.m2\repository\org\arquillian\spacelift\arquillian-spacelift-api\1.0.2\arquillian-spacelift-api-1.0.2.jar;C:\Users\andre\.m2\repository\org\apache\commons\commons-compress\1.8.1\commons-compress-1.8.1.jar;C:\Users\andre\.m2\repository\commons-codec\commons-codec\1.10\commons-codec-1.10.jar;C:\Users\andre\.m2\repository\org\jboss\arquillian\protocol\arquillian-protocol-servlet\1.6.0.Final\arquillian-protocol-servlet-1.6.0.Final.jar;C:\Users\andre\.m2\repository\org\jboss\arquillian\container\arquillian-container-spi\1.6.0.Final\arquillian-container-spi-1.6.0.Final.jar;C:\Users\andre\.m2\repository\org\jboss\arquillian\core\arquillian-core-spi\1.6.0.Final\arquillian-core-spi-1.6.0.Final.jar;C:\Users\andre\.m2\repository\org\jboss\arquillian\config\arquillian-config-api\1.6.0.Final\arquillian-config-api-1.6.0.Final.jar;C:\Users\andre\.m2\repository\org\jboss\arquillian\config\arquillian-config-impl-base\1.6.0.Final\arquillian-config-impl-base-1.6.0.Final.jar;C:\Users\andre\.m2\repository\org\jboss\arquillian\config\arquillian-config-spi\1.6.0.Final\arquillian-config-spi-1.6.0.Final.jar;C:\Users\andre\.m2\repository\org\jboss\shrinkwrap\descriptors\shrinkwrap-descriptors-api-base\2.0.0\shrinkwrap-descriptors-api-base-2.0.0.jar;C:\Users\andre\.m2\repository\org\jboss\arquillian\container\arquillian-container-test-api\1.6.0.Final\arquillian-container-test-api-1.6.0.Final.jar;C:\Users\andre\.m2\repository\org\jboss\arquillian\container\arquillian-container-test-spi\1.6.0.Final\arquillian-container-test-spi-1.6.0.Final.jar;C:\Users\andre\.m2\repository\org\jboss\arquillian\container\arquillian-container-test-impl-base\1.6.0.Final\arquillian-container-test-impl-base-1.6.0.Final.jar;C:\Users\andre\.m2\repository\org\jboss\shrinkwrap\descriptors\shrinkwrap-descriptors-spi\2.0.0\shrinkwrap-descriptors-spi-2.0.0.jar;C:\Users\andre\.m2\repository\org\jboss\arquillian\junit\arquillian-junit-container\1.6.0.Final\arquillian-junit-container-1.6.0.Final.jar;C:\Users\andre\.m2\repository\org\jboss\arquillian\junit\arquillian-junit-core\1.6.0.Final\arquillian-junit-core-1.6.0.Final.jar;C:\Users\andre\.m2\repository\org\jboss\arquillian\test\arquillian-test-api\1.6.0.Final\arquillian-test-api-1.6.0.Final.jar;C:\Users\andre\.m2\repository\org\jboss\arquillian\test\arquillian-test-spi\1.6.0.Final\arquillian-test-spi-1.6.0.Final.jar;C:\Users\andre\.m2\repository\org\jboss\arquillian\core\arquillian-core-impl-base\1.6.0.Final\arquillian-core-impl-base-1.6.0.Final.jar;C:\Users\andre\.m2\repository\org\jboss\arquillian\test\arquillian-test-impl-base\1.6.0.Final\arquillian-test-impl-base-1.6.0.Final.jar;C:\Users\andre\.m2\repository\org\jboss\arquillian\container\arquillian-container-impl-base\1.6.0.Final\arquillian-container-impl-base-1.6.0.Final.jar;C:\Users\andre\.m2\repository\org\jboss\shrinkwrap\shrinkwrap-impl-base\1.2.6\shrinkwrap-impl-base-1.2.6.jar;C:\Users\andre\.m2\repository\org\jboss\shrinkwrap\shrinkwrap-spi\1.2.6\shrinkwrap-spi-1.2.6.jar;C:\Users\andre\.m2\repository\junit\junit\4.12\junit-4.12.jar;C:\Users\andre\.m2\repository\org\hamcrest\hamcrest-core\1.3\hamcrest-core-1.3.jar;C:\Users\andre\.m2\repository\org\wildfly\arquillian\wildfly-arquillian-container-remote\3.0.1.Final\wildfly-arquillian-container-remote-3.0.1.Final.jar;C:\Users\andre\.m2\repository\org\wildfly\arquillian\wildfly-arquillian-common\3.0.1.Final\wildfly-arquillian-common-3.0.1.Final.jar;C:\Users\andre\.m2\repository\org\jboss\arquillian\testenricher\arquillian-testenricher-cdi\1.6.0.Final\arquillian-testenricher-cdi-1.6.0.Final.jar;C:\Users\andre\.m2\repository\org\jboss\arquillian\testenricher\arquillian-testenricher-ejb\1.6.0.Final\arquillian-testenricher-ejb-1.6.0.Final.jar;C:\Users\andre\.m2\repository\org\jboss\arquillian\testenricher\arquillian-testenricher-initialcontext\1.6.0.Final\arquillian-testenricher-initialcontext-1.6.0.Final.jar;C:\Users\andre\.m2\repository\org\jboss\arquillian\testenricher\arquillian-testenricher-resource\1.6.0.Final\arquillian-testenricher-resource-1.6.0.Final.jar;C:\Users\andre\.m2\repository\org\wildfly\arquillian\wildfly-arquillian-testenricher-msc\3.0.1.Final\wildfly-arquillian-testenricher-msc-3.0.1.Final.jar;C:\Users\andre\.m2\repository\org\wildfly\core\wildfly-server\13.0.0.Final\wildfly-server-13.0.0.Final.jar;C:\Users\andre\.m2\repository\org\wildfly\core\wildfly-controller\13.0.0.Final\wildfly-controller-13.0.0.Final.jar;C:\Users\andre\.m2\repository\org\wildfly\core\wildfly-core-security\13.0.0.Final\wildfly-core-security-13.0.0.Final.jar;C:\Users\andre\.m2\repository\org\wildfly\core\wildfly-core-security-api\13.0.0.Final\wildfly-core-security-api-13.0.0.Final.jar;C:\Users\andre\.m2\repository\org\jboss\logmanager\jboss-logmanager\2.1.17.Final\jboss-logmanager-2.1.17.Final.jar;C:\Users\andre\.m2\repository\org\jboss\staxmapper\1.3.0.Final\staxmapper-1.3.0.Final.jar;C:\Users\andre\.m2\repository\org\projectodd\vdx\vdx-wildfly\1.1.6\vdx-wildfly-1.1.6.jar;C:\Users\andre\.m2\repository\org\projectodd\vdx\vdx-core\1.1.6\vdx-core-1.1.6.jar;C:\Users\andre\.m2\repository\org\wildfly\core\wildfly-core-management-client\13.0.0.Final\wildfly-core-management-client-13.0.0.Final.jar;C:\Users\andre\.m2\repository\org\wildfly\core\wildfly-domain-http-interface\13.0.0.Final\wildfly-domain-http-interface-13.0.0.Final.jar;C:\Users\andre\.m2\repository\org\wildfly\security\elytron-web\undertow-server\1.8.0.Final\undertow-server-1.8.0.Final.jar;C:\Users\andre\.m2\repository\org\wildfly\core\wildfly-deployment-repository\13.0.0.Final\wildfly-deployment-repository-13.0.0.Final.jar;C:\Users\andre\.m2\repository\org\wildfly\core\wildfly-platform-mbean\13.0.0.Final\wildfly-platform-mbean-13.0.0.Final.jar;C:\Users\andre\.m2\repository\org\wildfly\core\wildfly-process-controller\13.0.0.Final\wildfly-process-controller-13.0.0.Final.jar;C:\Users\andre\.m2\repository\org\wildfly\core\wildfly-network\13.0.0.Final\wildfly-network-13.0.0.Final.jar;C:\Users\andre\.m2\repository\org\wildfly\core\wildfly-version\13.0.0.Final\wildfly-version-13.0.0.Final.jar;C:\Users\andre\.m2\repository\org\jboss\jandex\2.1.3.Final\jandex-2.1.3.Final.jar;C:\Users\andre\.m2\repository\org\jboss\classfilewriter\jboss-classfilewriter\1.2.4.Final\jboss-classfilewriter-1.2.4.Final.jar;C:\Users\andre\.m2\repository\org\jboss\invocation\jboss-invocation\1.6.0.Final\jboss-invocation-1.6.0.Final.jar;C:\Users\andre\.m2\repository\org\jboss\modules\jboss-modules\1.10.2.Final\jboss-modules-1.10.2.Final.jar;C:\Users\andre\.m2\repository\org\jboss\remoting\jboss-remoting\5.0.19.Final\jboss-remoting-5.0.19.Final.jar;C:\Users\andre\.m2\repository\org\jboss\stdio\jboss-stdio\1.1.0.Final\jboss-stdio-1.1.0.Final.jar;C:\Users\andre\.m2\repository\org\jboss\jboss-vfs\3.2.15.Final\jboss-vfs-3.2.15.Final.jar;C:\Users\andre\.m2\repository\io\undertow\undertow-core\2.2.0.Final\undertow-core-2.2.0.Final.jar;C:\Users\andre\.m2\repository\org\eclipse\jgit\org.eclipse.jgit.ssh.apache\5.9.0.202009080501-r\org.eclipse.jgit.ssh.apache-5.9.0.202009080501-r.jar;C:\Users\andre\.m2\repository\org\eclipse\jgit\org.eclipse.jgit\5.9.0.202009080501-r\org.eclipse.jgit-5.9.0.202009080501-r.jar;C:\Users\andre\.m2\repository\com\googlecode\javaewah\JavaEWAH\1.1.7\JavaEWAH-1.1.7.jar;C:\Users\andre\.m2\repository\org\apache\sshd\sshd-common\2.4.0\sshd-common-2.4.0.jar;C:\Users\andre\.m2\repository\org\apache\sshd\sshd-core\2.4.0\sshd-core-2.4.0.jar;C:\Users\andre\.m2\repository\org\wildfly\core\wildfly-controller-client\13.0.0.Final\wildfly-controller-client-13.0.0.Final.jar;C:\Users\andre\.m2\repository\org\wildfly\core\wildfly-protocol\13.0.0.Final\wildfly-protocol-13.0.0.Final.jar;C:\Users\andre\.m2\repository\org\jboss\xnio\xnio-api\3.8.2.Final\xnio-api-3.8.2.Final.jar;C:\Users\andre\.m2\repository\org\jboss\xnio\xnio-nio\3.8.2.Final\xnio-nio-3.8.2.Final.jar;C:\Users\andre\.m2\repository\org\jboss\jboss-dmr\1.5.1.Final\jboss-dmr-1.5.1.Final.jar;C:\Users\andre\.m2\repository\org\jboss\logging\jboss-logging\3.4.1.Final\jboss-logging-3.4.1.Final.jar;C:\Users\andre\.m2\repository\org\jboss\threads\jboss-threads\2.4.0.Final\jboss-threads-2.4.0.Final.jar;C:\Users\andre\.m2\repository\org\wildfly\core\wildfly-launcher\13.0.0.Final\wildfly-launcher-13.0.0.Final.jar;C:\Users\andre\.m2\repository\org\wildfly\plugins\wildfly-plugin-core\2.0.2.Final\wildfly-plugin-core-2.0.2.Final.jar;C:\Users\andre\.m2\repository\org\jboss\shrinkwrap\descriptors\shrinkwrap-descriptors-impl-base\2.0.0\shrinkwrap-descriptors-impl-base-2.0.0.jar;C:\Users\andre\.m2\repository\org\wildfly\common\wildfly-common\1.5.4.Final\wildfly-common-1.5.4.Final.jar;C:\Users\andre\.m2\repository\org\wildfly\arquillian\wildfly-arquillian-protocol-jmx\3.0.1.Final\wildfly-arquillian-protocol-jmx-3.0.1.Final.jar;C:\Users\andre\.m2\repository\org\wildfly\security\wildfly-elytron\1.13.0.Final\wildfly-elytron-1.13.0.Final.jar;C:\Users\andre\.m2\repository\org\jboss\arquillian\protocol\arquillian-protocol-jmx\1.6.0.Final\arquillian-protocol-jmx-1.6.0.Final.jar;C:\Users\andre\.m2\repository\org\wildfly\core\wildfly-jmx\13.0.0.Final\wildfly-jmx-13.0.0.Final.jar;C:\Users\andre\.m2\repository\org\jboss\msc\jboss-msc\1.4.12.Final\jboss-msc-1.4.12.Final.jar;C:\Users\andre\.m2\repository\org\jboss\remotingjmx\remoting-jmx\3.0.4.Final\remoting-jmx-3.0.4.Final.jar;C:\Users\andre\.m2\repository\org\wildfly\client\wildfly-client-config\1.0.0.Final\wildfly-client-config-1.0.0.Final.jar;C:\Users\andre\.m2\repository\org\wildfly\core\wildfly-remoting\13.0.0.Final\wildfly-remoting-13.0.0.Final.jar;C:\Users\andre\.m2\repository\org\wildfly\core\wildfly-domain-management\13.0.0.Final\wildfly-domain-management-13.0.0.Final.jar;C:\Users\andre\.m2\repository\org\picketbox\picketbox\5.0.3.Final-redhat-00006\picketbox-5.0.3.Final-redhat-00006.jar;C:\Users\andre\.m2\repository\org\wildfly\core\wildfly-io\13.0.0.Final\wildfly-io-13.0.0.Final.jar;C:\Users\andre\.m2\repository\org\jboss\marshalling\jboss-marshalling-river\2.0.9.Final\jboss-marshalling-river-2.0.9.Final.jar;C:\Users\andre\.m2\repository\org\jboss\marshalling\jboss-marshalling\2.0.9.Final\jboss-marshalling-2.0.9.Final.jar;C:\Users\andre\.m2\repository\org\jboss\arquillian\core\arquillian-core-api\1.6.0.Final\arquillian-core-api-1.6.0.Final.jar;"/>
    <property name="java.vm.vendor" value="Oracle Corporation"/>
    <property name="sun.arch.data.model" value="64"/>
    <property name="user.variant" value=""/>
    <property name="java.vendor.url" value="https://openjdk.java.net/"/>
    <property name="user.timezone" value="America/Sao_Paulo"/>
    <property name="java.vm.specification.version" value="11"/>
    <property name="os.name" value="Windows 10"/>
    <property name="sun.java.launcher" value="SUN_STANDARD"/>
    <property name="user.country" value="BR"/>
    <property name="sun.boot.library.path" value="C:\Program Files\Java\jdk-11.0.8\bin"/>
    <property name="sun.java.command" value="C:\Users\andre\AppData\Local\Temp\surefire12525273405046800900\surefirebooter16612519259540538622.jar C:\Users\andre\AppData\Local\Temp\surefire12525273405046800900 2021-06-14T10-34-51_112-jvmRun1 surefire1672828176307859979tmp surefire_01730735460358801613tmp"/>
    <property name="jdk.debug" value="release"/>
    <property name="surefire.test.class.path" value="C:\projetos\arquillianbank\target\test-classes;C:\projetos\arquillianbank\target\classes;C:\Users\andre\.m2\repository\org\apache\logging\log4j\log4j-core\2.11.2\log4j-core-2.11.2.jar;C:\Users\andre\.m2\repository\org\apache\logging\log4j\log4j-api\2.11.2\log4j-api-2.11.2.jar;C:\Users\andre\.m2\repository\log4j\log4j\1.2.17\log4j-1.2.17.jar;C:\Users\andre\.m2\repository\javax\activation\activation\1.1.1\activation-1.1.1.jar;C:\Users\andre\.m2\repository\javax\enterprise\cdi-api\1.2\cdi-api-1.2.jar;C:\Users\andre\.m2\repository\javax\inject\javax.inject\1\javax.inject-1.jar;C:\Users\andre\.m2\repository\javax\jws\jsr181-api\1.0-MR1\jsr181-api-1.0-MR1.jar;C:\Users\andre\.m2\repository\com\sun\mail\javax.mail\1.5.6\javax.mail-1.5.6.jar;C:\Users\andre\.m2\repository\javax\validation\validation-api\1.1.0.Final\validation-api-1.1.0.Final.jar;C:\Users\andre\.m2\repository\org\hibernate\javax\persistence\hibernate-jpa-2.1-api\1.0.0.Final\hibernate-jpa-2.1-api-1.0.0.Final.jar;C:\Users\andre\.m2\repository\org\jboss\spec\javax\annotation\jboss-annotations-api_1.2_spec\1.0.2.Final\jboss-annotations-api_1.2_spec-1.0.2.Final.jar;C:\Users\andre\.m2\repository\org\jboss\spec\javax\batch\jboss-batch-api_1.0_spec\1.0.1.Final\jboss-batch-api_1.0_spec-1.0.1.Final.jar;C:\Users\andre\.m2\repository\org\jboss\spec\javax\ejb\jboss-ejb-api_3.2_spec\1.0.1.Final\jboss-ejb-api_3.2_spec-1.0.1.Final.jar;C:\Users\andre\.m2\repository\org\jboss\spec\javax\el\jboss-el-api_3.0_spec\1.0.11.Final\jboss-el-api_3.0_spec-1.0.11.Final.jar;C:\Users\andre\.m2\repository\org\jboss\spec\javax\enterprise\concurrent\jboss-concurrency-api_1.0_spec\1.0.1.Final\jboss-concurrency-api_1.0_spec-1.0.1.Final.jar;C:\Users\andre\.m2\repository\org\jboss\spec\javax\faces\jboss-jsf-api_2.2_spec\2.2.14\jboss-jsf-api_2.2_spec-2.2.14.jar;C:\Users\andre\.m2\repository\org\jboss\spec\javax\interceptor\jboss-interceptors-api_1.2_spec\1.0.1.Final\jboss-interceptors-api_1.2_spec-1.0.1.Final.jar;C:\Users\andre\.m2\repository\org\jboss\spec\javax\json\jboss-json-api_1.0_spec\1.0.1.Final\jboss-json-api_1.0_spec-1.0.1.Final.jar;C:\Users\andre\.m2\repository\org\jboss\spec\javax\management\j2ee\jboss-j2eemgmt-api_1.1_spec\1.0.2.Final\jboss-j2eemgmt-api_1.1_spec-1.0.2.Final.jar;C:\Users\andre\.m2\repository\org\jboss\spec\javax\resource\jboss-connector-api_1.7_spec\1.0.1.Final\jboss-connector-api_1.7_spec-1.0.1.Final.jar;C:\Users\andre\.m2\repository\org\jboss\spec\javax\rmi\jboss-rmi-api_1.0_spec\1.0.6.Final\jboss-rmi-api_1.0_spec-1.0.6.Final.jar;C:\Users\andre\.m2\repository\org\jboss\spec\javax\security\jacc\jboss-jacc-api_1.5_spec\1.0.2.Final\jboss-jacc-api_1.5_spec-1.0.2.Final.jar;C:\Users\andre\.m2\repository\org\jboss\spec\javax\servlet\jboss-servlet-api_3.1_spec\1.0.0.Final\jboss-servlet-api_3.1_spec-1.0.0.Final.jar;C:\Users\andre\.m2\repository\org\jboss\spec\javax\security\auth\message\jboss-jaspi-api_1.1_spec\1.0.2.Final\jboss-jaspi-api_1.1_spec-1.0.2.Final.jar;C:\Users\andre\.m2\repository\org\jboss\spec\javax\jms\jboss-jms-api_2.0_spec\1.0.2.Final\jboss-jms-api_2.0_spec-1.0.2.Final.jar;C:\Users\andre\.m2\repository\org\jboss\spec\javax\transaction\jboss-transaction-api_1.2_spec\1.1.1.Final\jboss-transaction-api_1.2_spec-1.1.1.Final.jar;C:\Users\andre\.m2\repository\org\jboss\spec\javax\ws\rs\jboss-jaxrs-api_2.0_spec\1.0.1.Final\jboss-jaxrs-api_2.0_spec-1.0.1.Final.jar;C:\Users\andre\.m2\repository\org\jboss\spec\javax\websocket\jboss-websocket-api_1.1_spec\1.1.3.Final\jboss-websocket-api_1.1_spec-1.1.3.Final.jar;C:\Users\andre\.m2\repository\org\jboss\spec\javax\xml\bind\jboss-jaxb-api_2.2_spec\1.0.5.Final\jboss-jaxb-api_2.2_spec-1.0.5.Final.jar;C:\Users\andre\.m2\repository\org\jboss\spec\javax\xml\soap\jboss-saaj-api_1.3_spec\1.0.6.Final\jboss-saaj-api_1.3_spec-1.0.6.Final.jar;C:\Users\andre\.m2\repository\org\jboss\spec\javax\xml\ws\jboss-jaxws-api_2.2_spec\2.0.5.Final\jboss-jaxws-api_2.2_spec-2.0.5.Final.jar;C:\Users\andre\.m2\repository\org\jboss\shrinkwrap\resolver\shrinkwrap-resolver-api\3.1.4\shrinkwrap-resolver-api-3.1.4.jar;C:\Users\andre\.m2\repository\org\jboss\shrinkwrap\resolver\shrinkwrap-resolver-spi\3.1.4\shrinkwrap-resolver-spi-3.1.4.jar;C:\Users\andre\.m2\repository\org\jboss\shrinkwrap\resolver\shrinkwrap-resolver-api-maven\3.1.4\shrinkwrap-resolver-api-maven-3.1.4.jar;C:\Users\andre\.m2\repository\org\apache\maven\maven-model\3.6.3\maven-model-3.6.3.jar;C:\Users\andre\.m2\repository\org\jboss\shrinkwrap\resolver\shrinkwrap-resolver-spi-maven\3.1.4\shrinkwrap-resolver-spi-maven-3.1.4.jar;C:\Users\andre\.m2\repository\org\jboss\shrinkwrap\resolver\shrinkwrap-resolver-api-maven-archive\3.1.4\shrinkwrap-resolver-api-maven-archive-3.1.4.jar;C:\Users\andre\.m2\repository\org\jboss\shrinkwrap\shrinkwrap-api\1.2.6\shrinkwrap-api-1.2.6.jar;C:\Users\andre\.m2\repository\org\jboss\shrinkwrap\resolver\shrinkwrap-resolver-impl-maven\3.1.4\shrinkwrap-resolver-impl-maven-3.1.4.jar;C:\Users\andre\.m2\repository\org\apache\maven\maven-resolver-provider\3.6.3\maven-resolver-provider-3.6.3.jar;C:\Users\andre\.m2\repository\org\slf4j\slf4j-api\1.7.29\slf4j-api-1.7.29.jar;C:\Users\andre\.m2\repository\org\apache\maven\maven-model-builder\3.6.3\maven-model-builder-3.6.3.jar;C:\Users\andre\.m2\repository\org\apache\maven\maven-artifact\3.6.3\maven-artifact-3.6.3.jar;C:\Users\andre\.m2\repository\org\apache\commons\commons-lang3\3.8.1\commons-lang3-3.8.1.jar;C:\Users\andre\.m2\repository\org\apache\maven\maven-builder-support\3.6.3\maven-builder-support-3.6.3.jar;C:\Users\andre\.m2\repository\org\eclipse\sisu\org.eclipse.sisu.inject\0.3.4\org.eclipse.sisu.inject-0.3.4.jar;C:\Users\andre\.m2\repository\org\apache\maven\maven-repository-metadata\3.6.3\maven-repository-metadata-3.6.3.jar;C:\Users\andre\.m2\repository\org\apache\maven\maven-settings\3.6.3\maven-settings-3.6.3.jar;C:\Users\andre\.m2\repository\org\apache\maven\maven-settings-builder\3.6.3\maven-settings-builder-3.6.3.jar;C:\Users\andre\.m2\repository\org\apache\maven\resolver\maven-resolver-api\1.4.1\maven-resolver-api-1.4.1.jar;C:\Users\andre\.m2\repository\org\apache\maven\resolver\maven-resolver-impl\1.4.1\maven-resolver-impl-1.4.1.jar;C:\Users\andre\.m2\repository\org\apache\maven\resolver\maven-resolver-spi\1.4.1\maven-resolver-spi-1.4.1.jar;C:\Users\andre\.m2\repository\org\apache\maven\resolver\maven-resolver-util\1.4.1\maven-resolver-util-1.4.1.jar;C:\Users\andre\.m2\repository\org\apache\maven\resolver\maven-resolver-connector-basic\1.4.1\maven-resolver-connector-basic-1.4.1.jar;C:\Users\andre\.m2\repository\org\apache\maven\resolver\maven-resolver-transport-wagon\1.4.1\maven-resolver-transport-wagon-1.4.1.jar;C:\Users\andre\.m2\repository\org\codehaus\plexus\plexus-interpolation\1.25\plexus-interpolation-1.25.jar;C:\Users\andre\.m2\repository\org\codehaus\plexus\plexus-utils\3.2.1\plexus-utils-3.2.1.jar;C:\Users\andre\.m2\repository\org\sonatype\plexus\plexus-sec-dispatcher\1.4\plexus-sec-dispatcher-1.4.jar;C:\Users\andre\.m2\repository\org\sonatype\plexus\plexus-cipher\1.7\plexus-cipher-1.7.jar;C:\Users\andre\.m2\repository\org\apache\maven\wagon\wagon-provider-api\3.3.4\wagon-provider-api-3.3.4.jar;C:\Users\andre\.m2\repository\org\apache\maven\wagon\wagon-file\3.3.4\wagon-file-3.3.4.jar;C:\Users\andre\.m2\repository\org\apache\maven\wagon\wagon-http-lightweight\2.12\wagon-http-lightweight-2.12.jar;C:\Users\andre\.m2\repository\org\apache\maven\wagon\wagon-http-shared\2.12\wagon-http-shared-2.12.jar;C:\Users\andre\.m2\repository\org\jsoup\jsoup\1.12.1\jsoup-1.12.1.jar;C:\Users\andre\.m2\repository\commons-io\commons-io\2.5\commons-io-2.5.jar;C:\Users\andre\.m2\repository\org\jboss\shrinkwrap\resolver\shrinkwrap-resolver-impl-maven-archive\3.1.4\shrinkwrap-resolver-impl-maven-archive-3.1.4.jar;C:\Users\andre\.m2\repository\org\jboss\shrinkwrap\resolver\shrinkwrap-resolver-spi-maven-archive\3.1.4\shrinkwrap-resolver-spi-maven-archive-3.1.4.jar;C:\Users\andre\.m2\repository\org\eclipse\sisu\org.eclipse.sisu.plexus\0.3.4\org.eclipse.sisu.plexus-0.3.4.jar;C:\Users\andre\.m2\repository\org\codehaus\plexus\plexus-compiler-javac\2.7\plexus-compiler-javac-2.7.jar;C:\Users\andre\.m2\repository\org\codehaus\plexus\plexus-compiler-api\2.7\plexus-compiler-api-2.7.jar;C:\Users\andre\.m2\repository\org\jboss\shrinkwrap\resolver\shrinkwrap-resolver-api-maven-embedded\3.1.4\shrinkwrap-resolver-api-maven-embedded-3.1.4.jar;C:\Users\andre\.m2\repository\org\apache\maven\shared\maven-invoker\3.0.0\maven-invoker-3.0.0.jar;C:\Users\andre\.m2\repository\org\codehaus\plexus\plexus-component-annotations\2.1.0\plexus-component-annotations-2.1.0.jar;C:\Users\andre\.m2\repository\org\jboss\shrinkwrap\resolver\shrinkwrap-resolver-impl-maven-embedded\3.1.4\shrinkwrap-resolver-impl-maven-embedded-3.1.4.jar;C:\Users\andre\.m2\repository\org\arquillian\spacelift\arquillian-spacelift\1.0.2\arquillian-spacelift-1.0.2.jar;C:\Users\andre\.m2\repository\org\arquillian\spacelift\arquillian-spacelift-api\1.0.2\arquillian-spacelift-api-1.0.2.jar;C:\Users\andre\.m2\repository\org\apache\commons\commons-compress\1.8.1\commons-compress-1.8.1.jar;C:\Users\andre\.m2\repository\commons-codec\commons-codec\1.10\commons-codec-1.10.jar;C:\Users\andre\.m2\repository\org\jboss\arquillian\protocol\arquillian-protocol-servlet\1.6.0.Final\arquillian-protocol-servlet-1.6.0.Final.jar;C:\Users\andre\.m2\repository\org\jboss\arquillian\container\arquillian-container-spi\1.6.0.Final\arquillian-container-spi-1.6.0.Final.jar;C:\Users\andre\.m2\repository\org\jboss\arquillian\core\arquillian-core-spi\1.6.0.Final\arquillian-core-spi-1.6.0.Final.jar;C:\Users\andre\.m2\repository\org\jboss\arquillian\config\arquillian-config-api\1.6.0.Final\arquillian-config-api-1.6.0.Final.jar;C:\Users\andre\.m2\repository\org\jboss\arquillian\config\arquillian-config-impl-base\1.6.0.Final\arquillian-config-impl-base-1.6.0.Final.jar;C:\Users\andre\.m2\repository\org\jboss\arquillian\config\arquillian-config-spi\1.6.0.Final\arquillian-config-spi-1.6.0.Final.jar;C:\Users\andre\.m2\repository\org\jboss\shrinkwrap\descriptors\shrinkwrap-descriptors-api-base\2.0.0\shrinkwrap-descriptors-api-base-2.0.0.jar;C:\Users\andre\.m2\repository\org\jboss\arquillian\container\arquillian-container-test-api\1.6.0.Final\arquillian-container-test-api-1.6.0.Final.jar;C:\Users\andre\.m2\repository\org\jboss\arquillian\container\arquillian-container-test-spi\1.6.0.Final\arquillian-container-test-spi-1.6.0.Final.jar;C:\Users\andre\.m2\repository\org\jboss\arquillian\container\arquillian-container-test-impl-base\1.6.0.Final\arquillian-container-test-impl-base-1.6.0.Final.jar;C:\Users\andre\.m2\repository\org\jboss\shrinkwrap\descriptors\shrinkwrap-descriptors-spi\2.0.0\shrinkwrap-descriptors-spi-2.0.0.jar;C:\Users\andre\.m2\repository\org\jboss\arquillian\junit\arquillian-junit-container\1.6.0.Final\arquillian-junit-container-1.6.0.Final.jar;C:\Users\andre\.m2\repository\org\jboss\arquillian\junit\arquillian-junit-core\1.6.0.Final\arquillian-junit-core-1.6.0.Final.jar;C:\Users\andre\.m2\repository\org\jboss\arquillian\test\arquillian-test-api\1.6.0.Final\arquillian-test-api-1.6.0.Final.jar;C:\Users\andre\.m2\repository\org\jboss\arquillian\test\arquillian-test-spi\1.6.0.Final\arquillian-test-spi-1.6.0.Final.jar;C:\Users\andre\.m2\repository\org\jboss\arquillian\core\arquillian-core-impl-base\1.6.0.Final\arquillian-core-impl-base-1.6.0.Final.jar;C:\Users\andre\.m2\repository\org\jboss\arquillian\test\arquillian-test-impl-base\1.6.0.Final\arquillian-test-impl-base-1.6.0.Final.jar;C:\Users\andre\.m2\repository\org\jboss\arquillian\container\arquillian-container-impl-base\1.6.0.Final\arquillian-container-impl-base-1.6.0.Final.jar;C:\Users\andre\.m2\repository\org\jboss\shrinkwrap\shrinkwrap-impl-base\1.2.6\shrinkwrap-impl-base-1.2.6.jar;C:\Users\andre\.m2\repository\org\jboss\shrinkwrap\shrinkwrap-spi\1.2.6\shrinkwrap-spi-1.2.6.jar;C:\Users\andre\.m2\repository\junit\junit\4.12\junit-4.12.jar;C:\Users\andre\.m2\repository\org\hamcrest\hamcrest-core\1.3\hamcrest-core-1.3.jar;C:\Users\andre\.m2\repository\org\wildfly\arquillian\wildfly-arquillian-container-remote\3.0.1.Final\wildfly-arquillian-container-remote-3.0.1.Final.jar;C:\Users\andre\.m2\repository\org\wildfly\arquillian\wildfly-arquillian-common\3.0.1.Final\wildfly-arquillian-common-3.0.1.Final.jar;C:\Users\andre\.m2\repository\org\jboss\arquillian\testenricher\arquillian-testenricher-cdi\1.6.0.Final\arquillian-testenricher-cdi-1.6.0.Final.jar;C:\Users\andre\.m2\repository\org\jboss\arquillian\testenricher\arquillian-testenricher-ejb\1.6.0.Final\arquillian-testenricher-ejb-1.6.0.Final.jar;C:\Users\andre\.m2\repository\org\jboss\arquillian\testenricher\arquillian-testenricher-initialcontext\1.6.0.Final\arquillian-testenricher-initialcontext-1.6.0.Final.jar;C:\Users\andre\.m2\repository\org\jboss\arquillian\testenricher\arquillian-testenricher-resource\1.6.0.Final\arquillian-testenricher-resource-1.6.0.Final.jar;C:\Users\andre\.m2\repository\org\wildfly\arquillian\wildfly-arquillian-testenricher-msc\3.0.1.Final\wildfly-arquillian-testenricher-msc-3.0.1.Final.jar;C:\Users\andre\.m2\repository\org\wildfly\core\wildfly-server\13.0.0.Final\wildfly-server-13.0.0.Final.jar;C:\Users\andre\.m2\repository\org\wildfly\core\wildfly-controller\13.0.0.Final\wildfly-controller-13.0.0.Final.jar;C:\Users\andre\.m2\repository\org\wildfly\core\wildfly-core-security\13.0.0.Final\wildfly-core-security-13.0.0.Final.jar;C:\Users\andre\.m2\repository\org\wildfly\core\wildfly-core-security-api\13.0.0.Final\wildfly-core-security-api-13.0.0.Final.jar;C:\Users\andre\.m2\repository\org\jboss\logmanager\jboss-logmanager\2.1.17.Final\jboss-logmanager-2.1.17.Final.jar;C:\Users\andre\.m2\repository\org\jboss\staxmapper\1.3.0.Final\staxmapper-1.3.0.Final.jar;C:\Users\andre\.m2\repository\org\projectodd\vdx\vdx-wildfly\1.1.6\vdx-wildfly-1.1.6.jar;C:\Users\andre\.m2\repository\org\projectodd\vdx\vdx-core\1.1.6\vdx-core-1.1.6.jar;C:\Users\andre\.m2\repository\org\wildfly\core\wildfly-core-management-client\13.0.0.Final\wildfly-core-management-client-13.0.0.Final.jar;C:\Users\andre\.m2\repository\org\wildfly\core\wildfly-domain-http-interface\13.0.0.Final\wildfly-domain-http-interface-13.0.0.Final.jar;C:\Users\andre\.m2\repository\org\wildfly\security\elytron-web\undertow-server\1.8.0.Final\undertow-server-1.8.0.Final.jar;C:\Users\andre\.m2\repository\org\wildfly\core\wildfly-deployment-repository\13.0.0.Final\wildfly-deployment-repository-13.0.0.Final.jar;C:\Users\andre\.m2\repository\org\wildfly\core\wildfly-platform-mbean\13.0.0.Final\wildfly-platform-mbean-13.0.0.Final.jar;C:\Users\andre\.m2\repository\org\wildfly\core\wildfly-process-controller\13.0.0.Final\wildfly-process-controller-13.0.0.Final.jar;C:\Users\andre\.m2\repository\org\wildfly\core\wildfly-network\13.0.0.Final\wildfly-network-13.0.0.Final.jar;C:\Users\andre\.m2\repository\org\wildfly\core\wildfly-version\13.0.0.Final\wildfly-version-13.0.0.Final.jar;C:\Users\andre\.m2\repository\org\jboss\jandex\2.1.3.Final\jandex-2.1.3.Final.jar;C:\Users\andre\.m2\repository\org\jboss\classfilewriter\jboss-classfilewriter\1.2.4.Final\jboss-classfilewriter-1.2.4.Final.jar;C:\Users\andre\.m2\repository\org\jboss\invocation\jboss-invocation\1.6.0.Final\jboss-invocation-1.6.0.Final.jar;C:\Users\andre\.m2\repository\org\jboss\modules\jboss-modules\1.10.2.Final\jboss-modules-1.10.2.Final.jar;C:\Users\andre\.m2\repository\org\jboss\remoting\jboss-remoting\5.0.19.Final\jboss-remoting-5.0.19.Final.jar;C:\Users\andre\.m2\repository\org\jboss\stdio\jboss-stdio\1.1.0.Final\jboss-stdio-1.1.0.Final.jar;C:\Users\andre\.m2\repository\org\jboss\jboss-vfs\3.2.15.Final\jboss-vfs-3.2.15.Final.jar;C:\Users\andre\.m2\repository\io\undertow\undertow-core\2.2.0.Final\undertow-core-2.2.0.Final.jar;C:\Users\andre\.m2\repository\org\eclipse\jgit\org.eclipse.jgit.ssh.apache\5.9.0.202009080501-r\org.eclipse.jgit.ssh.apache-5.9.0.202009080501-r.jar;C:\Users\andre\.m2\repository\org\eclipse\jgit\org.eclipse.jgit\5.9.0.202009080501-r\org.eclipse.jgit-5.9.0.202009080501-r.jar;C:\Users\andre\.m2\repository\com\googlecode\javaewah\JavaEWAH\1.1.7\JavaEWAH-1.1.7.jar;C:\Users\andre\.m2\repository\org\apache\sshd\sshd-common\2.4.0\sshd-common-2.4.0.jar;C:\Users\andre\.m2\repository\org\apache\sshd\sshd-core\2.4.0\sshd-core-2.4.0.jar;C:\Users\andre\.m2\repository\org\wildfly\core\wildfly-controller-client\13.0.0.Final\wildfly-controller-client-13.0.0.Final.jar;C:\Users\andre\.m2\repository\org\wildfly\core\wildfly-protocol\13.0.0.Final\wildfly-protocol-13.0.0.Final.jar;C:\Users\andre\.m2\repository\org\jboss\xnio\xnio-api\3.8.2.Final\xnio-api-3.8.2.Final.jar;C:\Users\andre\.m2\repository\org\jboss\xnio\xnio-nio\3.8.2.Final\xnio-nio-3.8.2.Final.jar;C:\Users\andre\.m2\repository\org\jboss\jboss-dmr\1.5.1.Final\jboss-dmr-1.5.1.Final.jar;C:\Users\andre\.m2\repository\org\jboss\logging\jboss-logging\3.4.1.Final\jboss-logging-3.4.1.Final.jar;C:\Users\andre\.m2\repository\org\jboss\threads\jboss-threads\2.4.0.Final\jboss-threads-2.4.0.Final.jar;C:\Users\andre\.m2\repository\org\wildfly\core\wildfly-launcher\13.0.0.Final\wildfly-launcher-13.0.0.Final.jar;C:\Users\andre\.m2\repository\org\wildfly\plugins\wildfly-plugin-core\2.0.2.Final\wildfly-plugin-core-2.0.2.Final.jar;C:\Users\andre\.m2\repository\org\jboss\shrinkwrap\descriptors\shrinkwrap-descriptors-impl-base\2.0.0\shrinkwrap-descriptors-impl-base-2.0.0.jar;C:\Users\andre\.m2\repository\org\wildfly\common\wildfly-common\1.5.4.Final\wildfly-common-1.5.4.Final.jar;C:\Users\andre\.m2\repository\org\wildfly\arquillian\wildfly-arquillian-protocol-jmx\3.0.1.Final\wildfly-arquillian-protocol-jmx-3.0.1.Final.jar;C:\Users\andre\.m2\repository\org\wildfly\security\wildfly-elytron\1.13.0.Final\wildfly-elytron-1.13.0.Final.jar;C:\Users\andre\.m2\repository\org\jboss\arquillian\protocol\arquillian-protocol-jmx\1.6.0.Final\arquillian-protocol-jmx-1.6.0.Final.jar;C:\Users\andre\.m2\repository\org\wildfly\core\wildfly-jmx\13.0.0.Final\wildfly-jmx-13.0.0.Final.jar;C:\Users\andre\.m2\repository\org\jboss\msc\jboss-msc\1.4.12.Final\jboss-msc-1.4.12.Final.jar;C:\Users\andre\.m2\repository\org\jboss\remotingjmx\remoting-jmx\3.0.4.Final\remoting-jmx-3.0.4.Final.jar;C:\Users\andre\.m2\repository\org\wildfly\client\wildfly-client-config\1.0.0.Final\wildfly-client-config-1.0.0.Final.jar;C:\Users\andre\.m2\repository\org\wildfly\core\wildfly-remoting\13.0.0.Final\wildfly-remoting-13.0.0.Final.jar;C:\Users\andre\.m2\repository\org\wildfly\core\wildfly-domain-management\13.0.0.Final\wildfly-domain-management-13.0.0.Final.jar;C:\Users\andre\.m2\repository\org\picketbox\picketbox\5.0.3.Final-redhat-00006\picketbox-5.0.3.Final-redhat-00006.jar;C:\Users\andre\.m2\repository\org\wildfly\core\wildfly-io\13.0.0.Final\wildfly-io-13.0.0.Final.jar;C:\Users\andre\.m2\repository\org\jboss\marshalling\jboss-marshalling-river\2.0.9.Final\jboss-marshalling-river-2.0.9.Final.jar;C:\Users\andre\.m2\repository\org\jboss\marshalling\jboss-marshalling\2.0.9.Final\jboss-marshalling-2.0.9.Final.jar;C:\Users\andre\.m2\repository\org\jboss\arquillian\core\arquillian-core-api\1.6.0.Final\arquillian-core-api-1.6.0.Final.jar;"/>
    <property name="sun.cpu.endian" value="little"/>
    <property name="user.home" value="C:\Users\andre"/>
    <property name="user.language" value="pt"/>
    <property name="java.specification.vendor" value="Oracle Corporation"/>
    <property name="java.version.date" value="2020-07-14"/>
    <property name="java.home" value="C:\Program Files\Java\jdk-11.0.8"/>
    <property name="file.separator" value="\"/>
    <property name="basedir" value="C:\projetos\arquillianbank"/>
    <property name="java.vm.compressedOopsMode" value="32-bit"/>
    <property name="line.separator" value="&#10;"/>
    <property name="java.specification.name" value="Java Platform API Specification"/>
    <property name="java.vm.specification.vendor" value="Oracle Corporation"/>
    <property name="java.awt.graphicsenv" value="sun.awt.Win32GraphicsEnvironment"/>
    <property name="surefire.real.class.path" value="C:\Users\andre\AppData\Local\Temp\surefire12525273405046800900\surefirebooter16612519259540538622.jar"/>
    <property name="user.script" value=""/>
    <property name="sun.management.compiler" value="HotSpot 64-Bit Tiered Compilers"/>
    <property name="java.runtime.version" value="11.0.8+10-LTS"/>
    <property name="user.name" value="andre"/>
    <property name="path.separator" value=";"/>
    <property name="os.version" value="10.0"/>
    <property name="java.runtime.name" value="Java(TM) SE Runtime Environment"/>
    <property name="file.encoding" value="Cp1252"/>
    <property name="java.vm.name" value="Java HotSpot(TM) 64-Bit Server VM"/>
    <property name="java.vendor.version" value="18.9"/>
    <property name="localRepository" value="C:\Users\andre\.m2\repository"/>
    <property name="java.vendor.url.bug" value="https://bugreport.java.com/bugreport/"/>
    <property name="java.io.tmpdir" value="C:\Users\andre\AppData\Local\Temp\"/>
    <property name="java.version" value="11.0.8"/>
    <property name="user.dir" value="C:\projetos\arquillianbank"/>
    <property name="os.arch" value="amd64"/>
    <property name="java.vm.specification.name" value="Java Virtual Machine Specification"/>
    <property name="java.awt.printerjob" value="sun.awt.windows.WPrinterJob"/>
    <property name="sun.os.patch.level" value=""/>
    <property name="java.library.path" value="C:\Program Files\Java\jdk-11.0.8\bin;C:\WINDOWS\Sun\Java\bin;C:\WINDOWS\system32;C:\WINDOWS;C:\Program Files\Common Files\Oracle\Java\javapath;C:\Python38\Scripts\;C:\Python38\;C:\WINDOWS\system32;C:\WINDOWS;C:\WINDOWS\System32\Wbem;C:\WINDOWS\System32\WindowsPowerShell\v1.0\;C:\WINDOWS\System32\OpenSSH\;C:\Program Files\dotnet\;C:\Program Files (x86)\Common Files\Seagate\VirtualFile\;C:\Program Files (x86)\Common Files\Seagate\VirtualFile64\;C:\Program Files (x86)\Common Files\Seagate\SnapAPI\;C:\Program Files\Aladdin\eToken\PKIClient\x32;C:\Program Files\Aladdin\eToken\PKIClient\x64;C:\Program Files (x86)\PICT\;C:\Program Files\SafeNet\Authentication\SAC\x64;C:\Program Files\SafeNet\Authentication\SAC\x32;C:\Program Files\Microsoft SQL Server\140\Tools\Binn\;C:\Program Files\Git\cmd;C:\Program Files\nodejs\;C:\ProgramData\chocolatey\bin;C:\Program Files\Java\jdk-11.0.8\bin;C:\Users\andre\AppData\Local\Microsoft\WindowsApps;C:\Users\andre\AppData\Local\atom\bin;C:\Users\andre\AppData\Local\Microsoft\WindowsApps;C:\apache-maven-3.6.3\bin;C:\Users\andre\AppData\Local\Programs\Microsoft VS Code\bin;C:\ProgramData\Anaconda3;C:\ProgramData\Anaconda3\Library;C:\ProgramData\Anaconda3\Scripts;C:\ProgramData\Anaconda3\Library\bin;C:\Program Files\JetBrains\PyCharm Community Edition with Anaconda plugin 2019.3.4\bin;;C:\gradle-6.6\bin;C:\Users\andre\AppData\Roaming\npm;;C:\Program Files\JetBrains\PyCharm Community Edition 2020.3.3\bin;;."/>
    <property name="java.vendor" value="Oracle Corporation"/>
    <property name="java.vm.info" value="mixed mode"/>
    <property name="java.vm.version" value="11.0.8+10-LTS"/>
    <property name="sun.io.unicode.encoding" value="UnicodeLittle"/>
    <property name="java.class.version" value="55.0"/>
  </properties>
  <testcase name="testApp" classname="br.com.afett.arquillianbank.AppTest" time="0.001"/>
</testsuite>